<?xml version="1.0" encoding="UTF-8"?>
<!-- Generated by org.testng.reporters.JUnitReportReporter -->
<testsuite hostname="DESKTOP-ND80KL7" failures="0" tests="1" name="CFMIS_claims.CA_AccountingEntry" time="6.962" errors="0" timestamp="2021-06-23T12:58:06 SGT" skipped="0">
  <testcase classname="CFMIS_claims.CA_AccountingEntry" name="LoginCA" time="6.962"/>
  <system-out/>
</testsuite> <!-- CFMIS_claims.CA_AccountingEntry -->
