<?xml version="1.0" encoding="UTF-8"?>
<!-- Generated by org.testng.reporters.JUnitReportReporter -->
<testsuite hostname="DESKTOP-ND80KL7" failures="0" tests="2" name="CFMIS_claims.BH_Approval" time="104.015" errors="0" timestamp="2021-11-30T10:20:24 SGT" skipped="0">
  <testcase classname="CFMIS_claims.BH_Approval" name="LoginBH" time="18.972"/>
  <system-out/>
  <testcase classname="CFMIS_claims.BH_Approval" name="BHApprove" time="85.043"/>
  <system-out/>
</testsuite> <!-- CFMIS_claims.BH_Approval -->
