<?xml version="1.0" encoding="UTF-8"?>
<!-- Generated by org.testng.reporters.JUnitReportReporter -->
<testsuite hostname="DESKTOP-ND80KL7" failures="0" tests="2" name="CFMIS_claims.CreateLiquidationReport" time="82.876" errors="0" timestamp="2021-11-30T12:09:07 SGT" skipped="0">
  <testcase classname="CFMIS_claims.CreateLiquidationReport" name="LoginCA" time="15.153"/>
  <system-out/>
  <testcase classname="CFMIS_claims.CreateLiquidationReport" name="CreateLiquidation" time="67.723"/>
  <system-out/>
</testsuite> <!-- CFMIS_claims.CreateLiquidationReport -->
