<?xml version="1.0" encoding="UTF-8"?>
<!-- Generated by org.testng.reporters.JUnitReportReporter -->
<testsuite hostname="DESKTOP-ND80KL7" failures="0" tests="4" name="CFMIS_Inventory.CreatePR" time="53.788" errors="0" timestamp="2021-11-03T17:15:55 SGT" skipped="0">
  <testcase classname="CFMIS_Inventory.CreatePR" name="LoginRequestor" time="9.373"/>
  <system-out/>
  <testcase classname="CFMIS_Inventory.CreatePR" name="ClickSubModuleUser" time="3.309"/>
  <system-out/>
  <testcase classname="CFMIS_Inventory.CreatePR" name="EquipmentPR" time="21.476"/>
  <system-out/>
  <testcase classname="CFMIS_Inventory.CreatePR" name="SupplyPR" time="19.630"/>
  <system-out/>
</testsuite> <!-- CFMIS_Inventory.CreatePR -->
