<?xml version="1.0" encoding="UTF-8"?>
<!-- Generated by org.testng.reporters.JUnitReportReporter -->
<testsuite hostname="DESKTOP-ND80KL7" failures="0" tests="3" name="CFMIS_claims.CreateClaims" time="773.389" errors="0" timestamp="2021-12-06T10:45:24 SGT" skipped="0">
  <testcase classname="CFMIS_claims.CreateClaims" name="LoginClaimant" time="14.488"/>
  <system-out/>
  <testcase classname="CFMIS_claims.CreateClaims" name="CreateCA" time="378.043"/>
  <system-out/>
  <testcase classname="CFMIS_claims.CreateClaims" name="CreateAP" time="380.858"/>
  <system-out/>
</testsuite> <!-- CFMIS_claims.CreateClaims -->
